This is pdfTeX, Version 3.141592653-2.6-1.40.23 (TeX Live 2021/W32TeX) (preloaded format=pdflatex 2021.11.24)  26 NOV 2021 15:37
entering extended mode
 restricted \write18 enabled.
 %&-line parsing enabled.
**reporte-elsoc.tex
(./reporte-elsoc.tex
LaTeX2e <2021-11-15>
L3 programming layer <2021-11-22> (c:/Users/edgar/AppData/Roaming/TinyTeX/texmf
-dist/tex/latex/base/book.cls
Document Class: book 2021/10/04 v1.4n Standard LaTeX document class
(c:/Users/edgar/AppData/Roaming/TinyTeX/texmf-dist/tex/latex/base/bk12.clo
File: bk12.clo 2021/10/04 v1.4n Standard LaTeX file (size option)
)
\c@part=\count183
\c@chapter=\count184
\c@section=\count185
\c@subsection=\count186
\c@subsubsection=\count187
\c@paragraph=\count188
\c@subparagraph=\count189
\c@figure=\count190
\c@table=\count191
\abovecaptionskip=\skip47
\belowcaptionskip=\skip48
\bibindent=\dimen138
)
(c:/Users/edgar/AppData/Roaming/TinyTeX/texmf-dist/tex/latex/amsmath/amsmath.st
y
Package: amsmath 2021/10/15 v2.17l AMS math features
\@mathmargin=\skip49
For additional information on amsmath, use the `?' option.

(c:/Users/edgar/AppData/Roaming/TinyTeX/texmf-dist/tex/latex/amsmath/amstext.st
y
Package: amstext 2021/08/26 v2.01 AMS text

(c:/Users/edgar/AppData/Roaming/TinyTeX/texmf-dist/tex/latex/amsmath/amsgen.sty
File: amsgen.sty 1999/11/30 v2.0 generic functions
\@emptytoks=\toks16
\ex@=\dimen139
))
(c:/Users/edgar/AppData/Roaming/TinyTeX/texmf-dist/tex/latex/amsmath/amsbsy.sty
Package: amsbsy 1999/11/29 v1.2d Bold Symbols
\pmbraise@=\dimen140
)
(c:/Users/edgar/AppData/Roaming/TinyTeX/texmf-dist/tex/latex/amsmath/amsopn.sty
Package: amsopn 2021/08/26 v2.02 operator names
)
\inf@bad=\count192
LaTeX Info: Redefining \frac on input line 234.
\uproot@=\count193
\leftroot@=\count194
LaTeX Info: Redefining \overline on input line 399.
\classnum@=\count195
\DOTSCASE@=\count196
LaTeX Info: Redefining \ldots on input line 496.
LaTeX Info: Redefining \dots on input line 499.
LaTeX Info: Redefining \cdots on input line 620.
\Mathstrutbox@=\box50
\strutbox@=\box51
\big@size=\dimen141
LaTeX Font Info:    Redeclaring font encoding OML on input line 743.
LaTeX Font Info:    Redeclaring font encoding OMS on input line 744.
\macc@depth=\count197
\c@MaxMatrixCols=\count198
\dotsspace@=\muskip16
\c@parentequation=\count199
\dspbrk@lvl=\count266
\tag@help=\toks17
\row@=\count267
\column@=\count268
\maxfields@=\count269
\andhelp@=\toks18
\eqnshift@=\dimen142
\alignsep@=\dimen143
\tagshift@=\dimen144
\tagwidth@=\dimen145
\totwidth@=\dimen146
\lineht@=\dimen147
\@envbody=\toks19
\multlinegap=\skip50
\multlinetaggap=\skip51
\mathdisplay@stack=\toks20
LaTeX Info: Redefining \[ on input line 2938.
LaTeX Info: Redefining \] on input line 2939.
)
(c:/Users/edgar/AppData/Roaming/TinyTeX/texmf-dist/tex/latex/amsfonts/amssymb.s
ty
Package: amssymb 2013/01/14 v3.01 AMS font symbols

(c:/Users/edgar/AppData/Roaming/TinyTeX/texmf-dist/tex/latex/amsfonts/amsfonts.
sty
Package: amsfonts 2013/01/14 v3.01 Basic AMSFonts support
\symAMSa=\mathgroup4
\symAMSb=\mathgroup5
LaTeX Font Info:    Redeclaring math symbol \hbar on input line 98.
LaTeX Font Info:    Overwriting math alphabet `\mathfrak' in version `bold'
(Font)                  U/euf/m/n --> U/euf/b/n on input line 106.
)) (c:/Users/edgar/AppData/Roaming/TinyTeX/texmf-dist/tex/latex/lm/lmodern.sty
Package: lmodern 2015/05/01 v1.6.1 Latin Modern Fonts
LaTeX Font Info:    Overwriting symbol font `operators' in version `normal'
(Font)                  OT1/cmr/m/n --> OT1/lmr/m/n on input line 22.
LaTeX Font Info:    Overwriting symbol font `letters' in version `normal'
(Font)                  OML/cmm/m/it --> OML/lmm/m/it on input line 23.
LaTeX Font Info:    Overwriting symbol font `symbols' in version `normal'
(Font)                  OMS/cmsy/m/n --> OMS/lmsy/m/n on input line 24.
LaTeX Font Info:    Overwriting symbol font `largesymbols' in version `normal'
(Font)                  OMX/cmex/m/n --> OMX/lmex/m/n on input line 25.
LaTeX Font Info:    Overwriting symbol font `operators' in version `bold'
(Font)                  OT1/cmr/bx/n --> OT1/lmr/bx/n on input line 26.
LaTeX Font Info:    Overwriting symbol font `letters' in version `bold'
(Font)                  OML/cmm/b/it --> OML/lmm/b/it on input line 27.
LaTeX Font Info:    Overwriting symbol font `symbols' in version `bold'
(Font)                  OMS/cmsy/b/n --> OMS/lmsy/b/n on input line 28.
LaTeX Font Info:    Overwriting symbol font `largesymbols' in version `bold'
(Font)                  OMX/cmex/m/n --> OMX/lmex/m/n on input line 29.
LaTeX Font Info:    Overwriting math alphabet `\mathbf' in version `normal'
(Font)                  OT1/cmr/bx/n --> OT1/lmr/bx/n on input line 31.
LaTeX Font Info:    Overwriting math alphabet `\mathsf' in version `normal'
(Font)                  OT1/cmss/m/n --> OT1/lmss/m/n on input line 32.
LaTeX Font Info:    Overwriting math alphabet `\mathit' in version `normal'
(Font)                  OT1/cmr/m/it --> OT1/lmr/m/it on input line 33.
LaTeX Font Info:    Overwriting math alphabet `\mathtt' in version `normal'
(Font)                  OT1/cmtt/m/n --> OT1/lmtt/m/n on input line 34.
LaTeX Font Info:    Overwriting math alphabet `\mathbf' in version `bold'
(Font)                  OT1/cmr/bx/n --> OT1/lmr/bx/n on input line 35.
LaTeX Font Info:    Overwriting math alphabet `\mathsf' in version `bold'
(Font)                  OT1/cmss/bx/n --> OT1/lmss/bx/n on input line 36.
LaTeX Font Info:    Overwriting math alphabet `\mathit' in version `bold'
(Font)                  OT1/cmr/bx/it --> OT1/lmr/bx/it on input line 37.
LaTeX Font Info:    Overwriting math alphabet `\mathtt' in version `bold'
(Font)                  OT1/cmtt/m/n --> OT1/lmtt/m/n on input line 38.
)
(c:/Users/edgar/AppData/Roaming/TinyTeX/texmf-dist/tex/latex/setspace/setspace.
sty
Package: setspace 2011/12/19 v6.7a set line spacing
)
(c:/Users/edgar/AppData/Roaming/TinyTeX/texmf-dist/tex/generic/iftex/ifxetex.st
y
Package: ifxetex 2019/10/25 v0.7 ifxetex legacy package. Use iftex instead.
(c:/Users/edgar/AppData/Roaming/TinyTeX/texmf-dist/tex/generic/iftex/iftex.sty
Package: iftex 2020/03/06 v1.0d TeX engine tests
))
(c:/Users/edgar/AppData/Roaming/TinyTeX/texmf-dist/tex/generic/iftex/ifluatex.s
ty
Package: ifluatex 2019/10/25 v1.5 ifluatex legacy package. Use iftex instead.
) (c:/Users/edgar/AppData/Roaming/TinyTeX/texmf-dist/tex/latex/base/fontenc.sty
Package: fontenc 2021/04/29 v2.0v Standard LaTeX package
LaTeX Font Info:    Trying to load font information for T1+lmr on input line 11
2.
(c:/Users/edgar/AppData/Roaming/TinyTeX/texmf-dist/tex/latex/lm/t1lmr.fd
File: t1lmr.fd 2015/05/01 v1.6.1 Font defs for Latin Modern
)) (c:/Users/edgar/AppData/Roaming/TinyTeX/texmf-dist/tex/latex/base/inputenc.s
ty
Package: inputenc 2021/02/14 v1.3d Input encoding file
\inpenc@prehook=\toks21
\inpenc@posthook=\toks22
) (c:/Users/edgar/AppData/Roaming/TinyTeX/texmf-dist/tex/latex/base/textcomp.st
y
Package: textcomp 2020/02/02 v2.0n Standard LaTeX package
) (c:/Users/edgar/AppData/Roaming/TinyTeX/texmf-dist/tex/latex/xcolor/xcolor.st
y
Package: xcolor 2021/10/31 v2.13 LaTeX color extensions (UK)

(c:/Users/edgar/AppData/Roaming/TinyTeX/texmf-dist/tex/latex/graphics-cfg/color
.cfg
File: color.cfg 2016/01/02 v1.6 sample color configuration
)
Package xcolor Info: Driver file: pdftex.def on input line 227.

(c:/Users/edgar/AppData/Roaming/TinyTeX/texmf-dist/tex/latex/graphics-def/pdfte
x.def
File: pdftex.def 2020/10/05 v1.2a Graphics/color driver for pdftex
)
Package xcolor Info: Model `cmy' substituted by `cmy0' on input line 1352.
Package xcolor Info: Model `hsb' substituted by `rgb' on input line 1356.
Package xcolor Info: Model `RGB' extended on input line 1368.
Package xcolor Info: Model `HTML' substituted by `rgb' on input line 1370.
Package xcolor Info: Model `Hsb' substituted by `hsb' on input line 1371.
Package xcolor Info: Model `tHsb' substituted by `hsb' on input line 1372.
Package xcolor Info: Model `HSB' substituted by `hsb' on input line 1373.
Package xcolor Info: Model `Gray' substituted by `gray' on input line 1374.
Package xcolor Info: Model `wave' substituted by `hsb' on input line 1375.

(c:/Users/edgar/AppData/Roaming/TinyTeX/texmf-dist/tex/latex/graphics/dvipsnam.
def
File: dvipsnam.def 2016/06/17 v3.0m Driver-dependent file (DPC,SPQR)
) (c:/Users/edgar/AppData/Roaming/TinyTeX/texmf-dist/tex/latex/xcolor/svgnam.de
f
File: svgnam.def 2021/10/31 v2.13 Predefined colors according to SVG 1.1 (UK)
) (c:/Users/edgar/AppData/Roaming/TinyTeX/texmf-dist/tex/latex/xcolor/x11nam.de
f
File: x11nam.def 2021/10/31 v2.13 Predefined colors according to Unix/X11 (UK)
))
(c:/Users/edgar/AppData/Roaming/TinyTeX/texmf-dist/tex/latex/hyperref/hyperref.
sty
Package: hyperref 2021-06-07 v7.00m Hypertext links for LaTeX

(c:/Users/edgar/AppData/Roaming/TinyTeX/texmf-dist/tex/generic/ltxcmds/ltxcmds.
sty
Package: ltxcmds 2020-05-10 v1.25 LaTeX kernel commands for general use (HO)
)
(c:/Users/edgar/AppData/Roaming/TinyTeX/texmf-dist/tex/generic/pdftexcmds/pdfte
xcmds.sty
Package: pdftexcmds 2020-06-27 v0.33 Utility functions of pdfTeX for LuaTeX (HO
)

(c:/Users/edgar/AppData/Roaming/TinyTeX/texmf-dist/tex/generic/infwarerr/infwar
err.sty
Package: infwarerr 2019/12/03 v1.5 Providing info/warning/error messages (HO)
)
Package pdftexcmds Info: \pdf@primitive is available.
Package pdftexcmds Info: \pdf@ifprimitive is available.
Package pdftexcmds Info: \pdfdraftmode found.
)
(c:/Users/edgar/AppData/Roaming/TinyTeX/texmf-dist/tex/latex/graphics/keyval.st
y
Package: keyval 2014/10/28 v1.15 key=value parser (DPC)
\KV@toks@=\toks23
)
(c:/Users/edgar/AppData/Roaming/TinyTeX/texmf-dist/tex/generic/kvsetkeys/kvsetk
eys.sty
Package: kvsetkeys 2019/12/15 v1.18 Key value parser (HO)
)
(c:/Users/edgar/AppData/Roaming/TinyTeX/texmf-dist/tex/generic/kvdefinekeys/kvd
efinekeys.sty
Package: kvdefinekeys 2019-12-19 v1.6 Define keys (HO)
)
(c:/Users/edgar/AppData/Roaming/TinyTeX/texmf-dist/tex/generic/pdfescape/pdfesc
ape.sty
Package: pdfescape 2019/12/09 v1.15 Implements pdfTeX's escape features (HO)
)
(c:/Users/edgar/AppData/Roaming/TinyTeX/texmf-dist/tex/latex/hycolor/hycolor.st
y
Package: hycolor 2020-01-27 v1.10 Color options for hyperref/bookmark (HO)
)
(c:/Users/edgar/AppData/Roaming/TinyTeX/texmf-dist/tex/latex/letltxmacro/letltx
macro.sty
Package: letltxmacro 2019/12/03 v1.6 Let assignment for LaTeX macros (HO)
)
(c:/Users/edgar/AppData/Roaming/TinyTeX/texmf-dist/tex/latex/auxhook/auxhook.st
y
Package: auxhook 2019-12-17 v1.6 Hooks for auxiliary files (HO)
)
(c:/Users/edgar/AppData/Roaming/TinyTeX/texmf-dist/tex/latex/kvoptions/kvoption
s.sty
Package: kvoptions 2020-10-07 v3.14 Key value format for package options (HO)
)
\@linkdim=\dimen148
\Hy@linkcounter=\count270
\Hy@pagecounter=\count271

(c:/Users/edgar/AppData/Roaming/TinyTeX/texmf-dist/tex/latex/hyperref/pd1enc.de
f
File: pd1enc.def 2021-06-07 v7.00m Hyperref: PDFDocEncoding definition (HO)
Now handling font encoding PD1 ...
... no UTF-8 mapping file for font encoding PD1
)
(c:/Users/edgar/AppData/Roaming/TinyTeX/texmf-dist/tex/latex/hyperref/hyperref-
langpatches.def
File: hyperref-langpatches.def 2021-06-07 v7.00m Hyperref: patches for babel la
nguages
)
(c:/Users/edgar/AppData/Roaming/TinyTeX/texmf-dist/tex/generic/intcalc/intcalc.
sty
Package: intcalc 2019/12/15 v1.3 Expandable calculations with integers (HO)
)
(c:/Users/edgar/AppData/Roaming/TinyTeX/texmf-dist/tex/generic/etexcmds/etexcmd
s.sty
Package: etexcmds 2019/12/15 v1.7 Avoid name clashes with e-TeX commands (HO)
)
\Hy@SavedSpaceFactor=\count272

(c:/Users/edgar/AppData/Roaming/TinyTeX/texmf-dist/tex/latex/hyperref/puenc.def
File: puenc.def 2021-06-07 v7.00m Hyperref: PDF Unicode definition (HO)
Now handling font encoding PU ...
... no UTF-8 mapping file for font encoding PU
)
Package hyperref Info: Option `unicode' set `true' on input line 4073.
Package hyperref Info: Hyper figures OFF on input line 4192.
Package hyperref Info: Link nesting OFF on input line 4197.
Package hyperref Info: Hyper index ON on input line 4200.
Package hyperref Info: Plain pages OFF on input line 4207.
Package hyperref Info: Backreferencing OFF on input line 4212.
Package hyperref Info: Implicit mode ON; LaTeX internals redefined.
Package hyperref Info: Bookmarks ON on input line 4445.
\c@Hy@tempcnt=\count273
(c:/Users/edgar/AppData/Roaming/TinyTeX/texmf-dist/tex/latex/url/url.sty
\Urlmuskip=\muskip17
Package: url 2013/09/16  ver 3.4  Verb mode for urls, etc.
)
LaTeX Info: Redefining \url on input line 4804.
\XeTeXLinkMargin=\dimen149

(c:/Users/edgar/AppData/Roaming/TinyTeX/texmf-dist/tex/generic/bitset/bitset.st
y
Package: bitset 2019/12/09 v1.3 Handle bit-vector datatype (HO)

(c:/Users/edgar/AppData/Roaming/TinyTeX/texmf-dist/tex/generic/bigintcalc/bigin
tcalc.sty
Package: bigintcalc 2019/12/15 v1.5 Expandable calculations on big integers (HO
)
))
\Fld@menulength=\count274
\Field@Width=\dimen150
\Fld@charsize=\dimen151
Package hyperref Info: Hyper figures OFF on input line 6076.
Package hyperref Info: Link nesting OFF on input line 6081.
Package hyperref Info: Hyper index ON on input line 6084.
Package hyperref Info: backreferencing OFF on input line 6091.
Package hyperref Info: Link coloring OFF on input line 6096.
Package hyperref Info: Link coloring with OCG OFF on input line 6101.
Package hyperref Info: PDF/A mode OFF on input line 6106.
LaTeX Info: Redefining \ref on input line 6146.
LaTeX Info: Redefining \pageref on input line 6150.

(c:/Users/edgar/AppData/Roaming/TinyTeX/texmf-dist/tex/latex/base/atbegshi-ltx.
sty
Package: atbegshi-ltx 2021/01/10 v1.0c Emulation of the original atbegshi
package with kernel methods
)
\Hy@abspage=\count275
\c@Item=\count276
\c@Hfootnote=\count277
)
Package hyperref Info: Driver (autodetected): hpdftex.

(c:/Users/edgar/AppData/Roaming/TinyTeX/texmf-dist/tex/latex/hyperref/hpdftex.d
ef
File: hpdftex.def 2021-06-07 v7.00m Hyperref driver for pdfTeX

(c:/Users/edgar/AppData/Roaming/TinyTeX/texmf-dist/tex/latex/base/atveryend-ltx
.sty
Package: atveryend-ltx 2020/08/19 v1.0a Emulation of the original atveryend pac
kage
with kernel methods
)
\Fld@listcount=\count278
\c@bookmark@seq@number=\count279

(c:/Users/edgar/AppData/Roaming/TinyTeX/texmf-dist/tex/latex/rerunfilecheck/rer
unfilecheck.sty
Package: rerunfilecheck 2019/12/05 v1.9 Rerun checks for auxiliary files (HO)

(c:/Users/edgar/AppData/Roaming/TinyTeX/texmf-dist/tex/generic/uniquecounter/un
iquecounter.sty
Package: uniquecounter 2019/12/15 v1.4 Provide unlimited unique counter (HO)
)
Package uniquecounter Info: New unique counter `rerunfilecheck' on input line 2
86.
)
\Hy@SectionHShift=\skip52
)
Package hyperref Info: Option `colorlinks' set `true' on input line 48.

(c:/Users/edgar/AppData/Roaming/TinyTeX/texmf-dist/tex/latex/geometry/geometry.
sty
Package: geometry 2020/01/02 v5.9 Page Geometry

(c:/Users/edgar/AppData/Roaming/TinyTeX/texmf-dist/tex/generic/iftex/ifvtex.sty
Package: ifvtex 2019/10/25 v1.7 ifvtex legacy package. Use iftex instead.
)
\Gm@cnth=\count280
\Gm@cntv=\count281
\c@Gm@tempcnt=\count282
\Gm@bindingoffset=\dimen152
\Gm@wd@mp=\dimen153
\Gm@odd@mp=\dimen154
\Gm@even@mp=\dimen155
\Gm@layoutwidth=\dimen156
\Gm@layoutheight=\dimen157
\Gm@layouthoffset=\dimen158
\Gm@layoutvoffset=\dimen159
\Gm@dimlist=\toks24
)
(c:/Users/edgar/AppData/Roaming/TinyTeX/texmf-dist/tex/latex/fancyvrb/fancyvrb.
sty
Package: fancyvrb 2021/11/24\nobreakspace {} 4.1a\nobreakspace {}verbatim text 
(tvz,hv)
\FV@CodeLineNo=\count283
\FV@InFile=\read2
\FV@TabBox=\box52
\c@FancyVerbLine=\count284
\FV@StepNumber=\count285
\FV@OutFile=\write3
) (c:/Users/edgar/AppData/Roaming/TinyTeX/texmf-dist/tex/latex/framed/framed.st
y
Package: framed 2011/10/22 v 0.96: framed or shaded text with page breaks
\OuterFrameSep=\skip53
\fb@frw=\dimen160
\fb@frh=\dimen161
\FrameRule=\dimen162
\FrameSep=\dimen163
)
(c:/Users/edgar/AppData/Roaming/TinyTeX/texmf-dist/tex/latex/tools/longtable.st
y
Package: longtable 2021-09-01 v4.17 Multi-page Table package (DPC)
\LTleft=\skip54
\LTright=\skip55
\LTpre=\skip56
\LTpost=\skip57
\LTchunksize=\count286
\LTcapwidth=\dimen164
\LT@head=\box53
\LT@firsthead=\box54
\LT@foot=\box55
\LT@lastfoot=\box56
\LT@gbox=\box57
\LT@cols=\count287
\LT@rows=\count288
\c@LT@tables=\count289
\c@LT@chunks=\count290
\LT@p@ftn=\toks25
)
(c:/Users/edgar/AppData/Roaming/TinyTeX/texmf-dist/tex/latex/booktabs/booktabs.
sty
Package: booktabs 2020/01/12 v1.61803398 Publication quality tables
\heavyrulewidth=\dimen165
\lightrulewidth=\dimen166
\cmidrulewidth=\dimen167
\belowrulesep=\dimen168
\belowbottomsep=\dimen169
\aboverulesep=\dimen170
\abovetopsep=\dimen171
\cmidrulesep=\dimen172
\cmidrulekern=\dimen173
\defaultaddspace=\dimen174
\@cmidla=\count291
\@cmidlb=\count292
\@aboverulesep=\dimen175
\@belowrulesep=\dimen176
\@thisruleclass=\count293
\@lastruleclass=\count294
\@thisrulewidth=\dimen177
) (c:/Users/edgar/AppData/Roaming/TinyTeX/texmf-dist/tex/latex/tools/array.sty
Package: array 2021/10/04 v2.5f Tabular extension package (FMi)
\col@sep=\dimen178
\ar@mcellbox=\box58
\extrarowheight=\dimen179
\NC@list=\toks26
\extratabsurround=\skip58
\backup@length=\skip59
\ar@cellbox=\box59
) (c:/Users/edgar/AppData/Roaming/TinyTeX/texmf-dist/tex/latex/tools/calc.sty
Package: calc 2017/05/25 v4.3 Infix arithmetic (KKT,FJ)
\calc@Acount=\count295
\calc@Bcount=\count296
\calc@Adimen=\dimen180
\calc@Bdimen=\dimen181
\calc@Askip=\skip60
\calc@Bskip=\skip61
LaTeX Info: Redefining \setlength on input line 80.
LaTeX Info: Redefining \addtolength on input line 81.
\calc@Ccount=\count297
\calc@Cskip=\skip62
)
(c:/Users/edgar/AppData/Roaming/TinyTeX/texmf-dist/tex/latex/etoolbox/etoolbox.
sty
Package: etoolbox 2020/10/05 v2.5k e-TeX tools for LaTeX (JAW)
\etb@tempcnta=\count298
)
(c:/Users/edgar/AppData/Roaming/TinyTeX/texmf-dist/tex/latex/mdwtools/footnote.
sty
Package: footnote 1997/01/28 1.13 Save footnotes around boxes
\fn@notes=\box60
\fn@width=\dimen182
)
(c:/Users/edgar/AppData/Roaming/TinyTeX/texmf-dist/tex/latex/graphics/graphicx.
sty
Package: graphicx 2021/09/16 v1.2d Enhanced LaTeX Graphics (DPC,SPQR)

(c:/Users/edgar/AppData/Roaming/TinyTeX/texmf-dist/tex/latex/graphics/graphics.
sty
Package: graphics 2021/03/04 v1.4d Standard LaTeX Graphics (DPC,SPQR)
(c:/Users/edgar/AppData/Roaming/TinyTeX/texmf-dist/tex/latex/graphics/trig.sty
Package: trig 2021/08/11 v1.11 sin cos tan (DPC)
)
(c:/Users/edgar/AppData/Roaming/TinyTeX/texmf-dist/tex/latex/graphics-cfg/graph
ics.cfg
File: graphics.cfg 2016/06/04 v1.11 sample graphics configuration
)
Package graphics Info: Driver file: pdftex.def on input line 107.
)
\Gin@req@height=\dimen183
\Gin@req@width=\dimen184
)
(c:/Users/edgar/AppData/Roaming/TinyTeX/texmf-dist/tex/latex/multirow/multirow.
sty
Package: multirow 2021/03/15 v2.8 Span multiple rows of a table
\multirow@colwidth=\skip63
\multirow@cntb=\count299
\multirow@dima=\skip64
\bigstrutjot=\dimen185
)
(c:/Users/edgar/AppData/Roaming/TinyTeX/texmf-dist/tex/latex/wrapfig/wrapfig.st
y
\wrapoverhang=\dimen186
\WF@size=\dimen187
\c@WF@wrappedlines=\count300
\WF@box=\box61
\WF@everypar=\toks27
Package: wrapfig 2003/01/31  v 3.6
) (c:/Users/edgar/AppData/Roaming/TinyTeX/texmf-dist/tex/latex/float/float.sty
Package: float 2001/11/08 v1.3d Float enhancements (AL)
\c@float@type=\count301
\float@exts=\toks28
\float@box=\box62
\@float@everytoks=\toks29
\@floatcapt=\box63
)
(c:/Users/edgar/AppData/Roaming/TinyTeX/texmf-dist/tex/latex/colortbl/colortbl.
sty
Package: colortbl 2020/01/04 v1.0e Color table columns (DPC)
\everycr=\toks30
\minrowclearance=\skip65
)
(c:/Users/edgar/AppData/Roaming/TinyTeX/texmf-dist/tex/latex/pdflscape/pdflscap
e.sty
Package: pdflscape 2019/12/05 v0.12 Display of landscape pages in PDF (HO)

(c:/Users/edgar/AppData/Roaming/TinyTeX/texmf-dist/tex/latex/graphics/lscape.st
y
Package: lscape 2020/05/28 v3.02 Landscape Pages (DPC)
)
Package pdflscape Info: Auto-detected driver: pdftex on input line 81.
) (c:/Users/edgar/AppData/Roaming/TinyTeX/texmf-dist/tex/latex/tabu/tabu.sty
Package: tabu 2019/01/11 v2.9 - flexible LaTeX tabulars (FC+tabu-fixed)

(c:/Users/edgar/AppData/Roaming/TinyTeX/texmf-dist/tex/latex/varwidth/varwidth.
sty
Package: varwidth 2009/03/30 ver 0.92;  Variable-width minipages
\@vwid@box=\box64
\sift@deathcycles=\count302
\@vwid@loff=\dimen188
\@vwid@roff=\dimen189
)
\c@taburow=\count303
\tabu@nbcols=\count304
\tabu@cnt=\count305
\tabu@Xcol=\count306
\tabu@alloc=\count307
\tabu@nested=\count308
\tabu@target=\dimen190
\tabu@spreadtarget=\dimen191
\tabu@naturalX=\dimen192
\tabucolX=\dimen193
\tabu@Xsum=\dimen194
\extrarowdepth=\dimen195
\abovetabulinesep=\dimen196
\belowtabulinesep=\dimen197
\tabustrutrule=\dimen198
\tabu@thebody=\toks31
\tabu@footnotes=\toks32
\tabu@box=\box65
\tabu@arstrutbox=\box66
\tabu@hleads=\box67
\tabu@vleads=\box68
\tabu@cellskip=\skip66
)
(c:/Users/edgar/AppData/Roaming/TinyTeX/texmf-dist/tex/latex/threeparttable/thr
eeparttable.sty
Package: threeparttable 2003/06/13  v 3.0
\@tempboxb=\box69
)
(c:/Users/edgar/AppData/Roaming/TinyTeX/texmf-dist/tex/latex/threeparttablex/th
reeparttablex.sty
Package: threeparttablex 2013/07/23 v0.3 by daleif

(c:/Users/edgar/AppData/Roaming/TinyTeX/texmf-dist/tex/latex/environ/environ.st
y
Package: environ 2014/05/04 v0.3 A new way to define environments

(c:/Users/edgar/AppData/Roaming/TinyTeX/texmf-dist/tex/latex/trimspaces/trimspa
ces.sty
Package: trimspaces 2009/09/17 v1.1 Trim spaces around a token list
))
\TPTL@width=\skip67
) (c:/Users/edgar/AppData/Roaming/TinyTeX/texmf-dist/tex/generic/ulem/ulem.sty
\UL@box=\box70
\UL@hyphenbox=\box71
\UL@skip=\skip68
\UL@hook=\toks33
\UL@height=\dimen199
\UL@pe=\count309
\UL@pixel=\dimen256
\ULC@box=\box72
Package: ulem 2019/11/18
\ULdepth=\dimen257
)
(c:/Users/edgar/AppData/Roaming/TinyTeX/texmf-dist/tex/latex/makecell/makecell.
sty
Package: makecell 2009/08/03 V0.1e Managing of Tab Column Heads and Cells
\rotheadsize=\dimen258
\c@nlinenum=\count310
\TeXr@lab=\toks34
)
(c:/Users/edgar/AppData/Roaming/TinyTeX/texmf-dist/tex/latex/l3backend/l3backen
d-pdftex.def
File: l3backend-pdftex.def 2021-10-18 L3 backend support: PDF output (pdfTeX)
\l__color_backend_stack_int=\count311
\l__pdf_internal_box=\box73
)
No file reporte-elsoc.aux.
\openout1 = `reporte-elsoc.aux'.

LaTeX Font Info:    Checking defaults for OML/cmm/m/it on input line 148.
LaTeX Font Info:    ... okay on input line 148.
LaTeX Font Info:    Checking defaults for OMS/cmsy/m/n on input line 148.
LaTeX Font Info:    ... okay on input line 148.
LaTeX Font Info:    Checking defaults for OT1/cmr/m/n on input line 148.
LaTeX Font Info:    ... okay on input line 148.
LaTeX Font Info:    Checking defaults for T1/cmr/m/n on input line 148.
LaTeX Font Info:    ... okay on input line 148.
LaTeX Font Info:    Checking defaults for TS1/cmr/m/n on input line 148.
LaTeX Font Info:    ... okay on input line 148.
LaTeX Font Info:    Checking defaults for OMX/cmex/m/n on input line 148.
LaTeX Font Info:    ... okay on input line 148.
LaTeX Font Info:    Checking defaults for U/cmr/m/n on input line 148.
LaTeX Font Info:    ... okay on input line 148.
LaTeX Font Info:    Checking defaults for PD1/pdf/m/n on input line 148.
LaTeX Font Info:    ... okay on input line 148.
LaTeX Font Info:    Checking defaults for PU/pdf/m/n on input line 148.
LaTeX Font Info:    ... okay on input line 148.

(c:/Users/edgar/AppData/Roaming/TinyTeX/texmf-dist/tex/latex/epstopdf-pkg/epsto
pdf-base.sty
Package: epstopdf-base 2020-01-24 v2.11 Base part for package epstopdf
Package epstopdf-base Info: Redefining graphics rule for `.eps' on input line 4
85.

(c:/Users/edgar/AppData/Roaming/TinyTeX/texmf-dist/tex/latex/latexconfig/epstop
df-sys.cfg
File: epstopdf-sys.cfg 2010/07/13 v1.3 Configuration of (r)epstopdf for TeX Liv
e
))
Package hyperref Info: Link coloring ON on input line 148.

(c:/Users/edgar/AppData/Roaming/TinyTeX/texmf-dist/tex/latex/hyperref/nameref.s
ty
Package: nameref 2021-04-02 v2.47 Cross-referencing by name of section

(c:/Users/edgar/AppData/Roaming/TinyTeX/texmf-dist/tex/latex/refcount/refcount.
sty
Package: refcount 2019/12/15 v3.6 Data extraction from label references (HO)
)
(c:/Users/edgar/AppData/Roaming/TinyTeX/texmf-dist/tex/generic/gettitlestring/g
ettitlestring.sty
Package: gettitlestring 2019/12/15 v1.6 Cleanup title references (HO)
)
\c@section@level=\count312
)
LaTeX Info: Redefining \ref on input line 148.
LaTeX Info: Redefining \pageref on input line 148.
LaTeX Info: Redefining \nameref on input line 148.
\@outlinefile=\write4
\openout4 = `reporte-elsoc.out'.

*geometry* driver: auto-detecting
*geometry* detected driver: pdftex
*geometry* verbose mode - [ preamble ] result:
* driver: pdftex
* paper: <default>
* layout: <same size as paper>
* layoutoffset:(h,v)=(0.0pt,0.0pt)
* modes: twoside 
* h-part:(L,W,R)=(113.81102pt, 415.12572pt, 85.35826pt)
* v-part:(T,H,B)=(71.13188pt, 652.70622pt, 71.13188pt)
* \paperwidth=614.295pt
* \paperheight=794.96999pt
* \textwidth=415.12572pt
* \textheight=652.70622pt
* \oddsidemargin=41.54103pt
* \evensidemargin=13.08827pt
* \topmargin=-33.0119pt
* \headheight=12.0pt
* \headsep=19.8738pt
* \topskip=12.0pt
* \footskip=30.0pt
* \marginparwidth=98.0pt
* \marginparsep=7.0pt
* \columnsep=10.0pt
* \skip\footins=10.8pt plus 4.0pt minus 2.0pt
* \hoffset=0.0pt
* \voffset=0.0pt
* \mag=1000
* \@twocolumnfalse
* \@twosidetrue
* \@mparswitchtrue
* \@reversemarginfalse
* (1in=72.27pt=25.4mm, 1cm=28.453pt)

LaTeX Font Info:    Trying to load font information for OT1+lmr on input line 1
50.
(c:/Users/edgar/AppData/Roaming/TinyTeX/texmf-dist/tex/latex/lm/ot1lmr.fd
File: ot1lmr.fd 2015/05/01 v1.6.1 Font defs for Latin Modern
)
LaTeX Font Info:    Trying to load font information for OML+lmm on input line 1
50.
(c:/Users/edgar/AppData/Roaming/TinyTeX/texmf-dist/tex/latex/lm/omllmm.fd
File: omllmm.fd 2015/05/01 v1.6.1 Font defs for Latin Modern
)
LaTeX Font Info:    Trying to load font information for OMS+lmsy on input line 
150.
(c:/Users/edgar/AppData/Roaming/TinyTeX/texmf-dist/tex/latex/lm/omslmsy.fd
File: omslmsy.fd 2015/05/01 v1.6.1 Font defs for Latin Modern
)
LaTeX Font Info:    Trying to load font information for OMX+lmex on input line 
150.
(c:/Users/edgar/AppData/Roaming/TinyTeX/texmf-dist/tex/latex/lm/omxlmex.fd
File: omxlmex.fd 2015/05/01 v1.6.1 Font defs for Latin Modern
)
LaTeX Font Info:    External font `lmex10' loaded for size
(Font)              <14.4> on input line 150.
LaTeX Font Info:    External font `lmex10' loaded for size
(Font)              <10> on input line 150.
LaTeX Font Info:    External font `lmex10' loaded for size
(Font)              <7> on input line 150.
LaTeX Font Info:    Trying to load font information for U+msa on input line 150
.
(c:/Users/edgar/AppData/Roaming/TinyTeX/texmf-dist/tex/latex/amsfonts/umsa.fd
File: umsa.fd 2013/01/14 v3.01 AMS symbols A
)
LaTeX Font Info:    Trying to load font information for U+msb on input line 150
.
(c:/Users/edgar/AppData/Roaming/TinyTeX/texmf-dist/tex/latex/amsfonts/umsb.fd
File: umsb.fd 2013/01/14 v3.01 AMS symbols B
) [1


{c:/Users/edgar/AppData/Roaming/TinyTeX/texmf-var/fonts/map/pdftex/updmap/pdfte
x.map}] [2

]
\tf@toc=\write5
\openout5 = `reporte-elsoc.toc'.

[3] [4

]
\tf@lot=\write6
\openout6 = `reporte-elsoc.lot'.

[5] [6

]
\tf@lof=\write7
\openout7 = `reporte-elsoc.lof'.

[7] [8

]
Chapter 1.
[9] [10]
LaTeX Font Info:    External font `lmex10' loaded for size
(Font)              <12> on input line 187.
LaTeX Font Info:    External font `lmex10' loaded for size
(Font)              <8> on input line 187.
LaTeX Font Info:    External font `lmex10' loaded for size
(Font)              <6> on input line 187.
[11]
LaTeX Font Info:    Trying to load font information for TS1+lmr on input line 2
05.
(c:/Users/edgar/AppData/Roaming/TinyTeX/texmf-dist/tex/latex/lm/ts1lmr.fd
File: ts1lmr.fd 2015/05/01 v1.6.1 Font defs for Latin Modern
)
<inputs/imagenes/olas_elsoc.png, id=80, 766.5438pt x 264.99pt>
File: inputs/imagenes/olas_elsoc.png Graphic file (type png)
<use inputs/imagenes/olas_elsoc.png>
Package pdftex.def Info: inputs/imagenes/olas_elsoc.png  used on input line 224
.
(pdftex.def)             Requested size: 766.60039pt x 265.00955pt.

Overfull \hbox (351.47467pt too wide) in paragraph at lines 224--225
 [][] 
 []

<inputs/imagenes/etapas_seleccion.jpg, id=81, 875.4306pt x 375.804pt>
File: inputs/imagenes/etapas_seleccion.jpg Graphic file (type jpg)
<use inputs/imagenes/etapas_seleccion.jpg>
Package pdftex.def Info: inputs/imagenes/etapas_seleccion.jpg  used on input li
ne 233.
(pdftex.def)             Requested size: 875.46854pt x 375.82028pt.

Overfull \hbox (460.34282pt too wide) in paragraph at lines 233--234
 [][] 
 []

[12] [13pdfTeX warning (ext4): destination with the same identifier (name{figur
e.1.1}) has been already used, duplicate ignored
<argument> ...shipout:D \box_use:N \l_shipout_box 
                                                  \__shipout_drop_firstpage_...
l.257   O
         peraciones de Control y Supervisión: Coordinadores de campo superv...
 <./inputs/imagenes/olas_elsoc.png>] [14pdfTeX warning (ext4): destination with
 the same identifier (name{figure.1.2}) has been already used, duplicate ignore
d
<argument> ...shipout:D \box_use:N \l_shipout_box 
                                                  \__shipout_drop_firstpage_...
l.257   O
         peraciones de Control y Supervisión: Coordinadores de campo superv...
 <./inputs/imagenes/etapas_seleccion.jpg>] [15]
Overfull \hbox (26.10735pt too wide) in paragraph at lines 307--318
 [][] 
 []


Overfull \hbox (53.93434pt too wide) in paragraph at lines 330--345
 [][] 
 []


Overfull \hbox (75.39198pt too wide) in paragraph at lines 357--372
 [][] 
 []


Overfull \hbox (145.1139pt too wide) in paragraph at lines 384--403
 [][] 
 []

[16pdfTeX warning (ext4): destination with the same identifier (name{table.1.1}
) has been already used, duplicate ignored
<argument> ...shipout:D \box_use:N \l_shipout_box 
                                                  \__shipout_drop_firstpage_...
l.409 
      pdfTeX warning (ext4): destination with the same identifier (name{table.1
.2}) has been already used, duplicate ignored
<argument> ...shipout:D \box_use:N \l_shipout_box 
                                                  \__shipout_drop_firstpage_...
l.409 
      ] [17pdfTeX warning (ext4): destination with the same identifier (name{ta
ble.1.3}) has been already used, duplicate ignored
<argument> ...shipout:D \box_use:N \l_shipout_box 
                                                  \__shipout_drop_firstpage_...
l.409 
      pdfTeX warning (ext4): destination with the same identifier (name{table.1
.4}) has been already used, duplicate ignored
<argument> ...shipout:D \box_use:N \l_shipout_box 
                                                  \__shipout_drop_firstpage_...
l.409 
      pdfTeX warning (ext4): destination with the same identifier (name{table.1
.5}) has been already used, duplicate ignored
<argument> ...shipout:D \box_use:N \l_shipout_box 
                                                  \__shipout_drop_firstpage_...
l.409 
      ]
<reporte-elsoc_files/figure-latex/graf-composicion-muestra-1.pdf, id=125, 469.7
55pt x 325.215pt>
File: reporte-elsoc_files/figure-latex/graf-composicion-muestra-1.pdf Graphic f
ile (type pdf)
<use reporte-elsoc_files/figure-latex/graf-composicion-muestra-1.pdf>
Package pdftex.def Info: reporte-elsoc_files/figure-latex/graf-composicion-mues
tra-1.pdf  used on input line 418.
(pdftex.def)             Requested size: 415.12747pt x 287.39594pt.
[18] [19pdfTeX warning (ext4): destination with the same identifier (name{figur
e.1.3}) has been already used, duplicate ignored
<argument> ...shipout:D \box_use:N \l_shipout_box 
                                                  \__shipout_drop_firstpage_...
l.426 ...as políticos}\label{temas-poluxedticos}}
                                                   <./reporte-elsoc_files/figur
e-latex/graf-composicion-muestra-1.pdf>] [20

]
Chapter 2.
<reporte-elsoc_files/figure-latex/graf-idpolitica-1.pdf, id=148, 469.755pt x 32
5.215pt>
File: reporte-elsoc_files/figure-latex/graf-idpolitica-1.pdf Graphic file (type
 pdf)
<use reporte-elsoc_files/figure-latex/graf-idpolitica-1.pdf>
Package pdftex.def Info: reporte-elsoc_files/figure-latex/graf-idpolitica-1.pdf
  used on input line 438.
(pdftex.def)             Requested size: 415.12747pt x 287.39594pt.
<reporte-elsoc_files/figure-latex/graf-idpolitica-ola-1.pdf, id=149, 469.755pt 
x 325.215pt>
File: reporte-elsoc_files/figure-latex/graf-idpolitica-ola-1.pdf Graphic file (
type pdf)
<use reporte-elsoc_files/figure-latex/graf-idpolitica-ola-1.pdf>
Package pdftex.def Info: reporte-elsoc_files/figure-latex/graf-idpolitica-ola-1
.pdf  used on input line 450.
(pdftex.def)             Requested size: 415.12747pt x 287.39594pt.
<reporte-elsoc_files/figure-latex/graf-alluvial-idpolitica-ola-1.pdf, id=150, 4
69.755pt x 325.215pt>
File: reporte-elsoc_files/figure-latex/graf-alluvial-idpolitica-ola-1.pdf Graph
ic file (type pdf)
<use reporte-elsoc_files/figure-latex/graf-alluvial-idpolitica-ola-1.pdf>
Package pdftex.def Info: reporte-elsoc_files/figure-latex/graf-alluvial-idpolit
ica-ola-1.pdf  used on input line 461.
(pdftex.def)             Requested size: 415.12747pt x 287.39594pt.
<reporte-elsoc_files/figure-latex/graf-cambios-idpolitica-ola-1.pdf, id=151, 46
9.755pt x 325.215pt>
File: reporte-elsoc_files/figure-latex/graf-cambios-idpolitica-ola-1.pdf Graphi
c file (type pdf)
<use reporte-elsoc_files/figure-latex/graf-cambios-idpolitica-ola-1.pdf>
Package pdftex.def Info: reporte-elsoc_files/figure-latex/graf-cambios-idpoliti
ca-ola-1.pdf  used on input line 472.
(pdftex.def)             Requested size: 415.12747pt x 287.39594pt.
[21] [22pdfTeX warning (ext4): destination with the same identifier (name{figur
e.2.1}) has been already used, duplicate ignored
<argument> ...shipout:D \box_use:N \l_shipout_box 
                                                  \__shipout_drop_firstpage_...
l.480 
      pdfTeX warning (ext4): destination with the same identifier (name{figure.
2.2}) has been already used, duplicate ignored
<argument> ...shipout:D \box_use:N \l_shipout_box 
                                                  \__shipout_drop_firstpage_...
l.480 
       <./reporte-elsoc_files/figure-latex/graf-idpolitica-1.pdf> <./reporte-el
soc_files/figure-latex/graf-idpolitica-ola-1.pdf>] [23pdfTeX warning (ext4): de
stination with the same identifier (name{figure.2.3}) has been already used, du
plicate ignored
<argument> ...shipout:D \box_use:N \l_shipout_box 
                                                  \__shipout_drop_firstpage_...
l.480 
      pdfTeX warning (ext4): destination with the same identifier (name{figure.
2.4}) has been already used, duplicate ignored
<argument> ...shipout:D \box_use:N \l_shipout_box 
                                                  \__shipout_drop_firstpage_...
l.480 
       <./reporte-elsoc_files/figure-latex/graf-alluvial-idpolitica-ola-1.pdf> 
<./reporte-elsoc_files/figure-latex/graf-cambios-idpolitica-ola-1.pdf>]
<reporte-elsoc_files/figure-latex/graf-cambios-idpol-idpol-1.pdf, id=197, 469.7
55pt x 325.215pt>
File: reporte-elsoc_files/figure-latex/graf-cambios-idpol-idpol-1.pdf Graphic f
ile (type pdf)
<use reporte-elsoc_files/figure-latex/graf-cambios-idpol-idpol-1.pdf>
Package pdftex.def Info: reporte-elsoc_files/figure-latex/graf-cambios-idpol-id
pol-1.pdf  used on input line 483.
(pdftex.def)             Requested size: 415.12747pt x 287.39594pt.
<reporte-elsoc_files/figure-latex/graf-cambios-idpolitica-edad-1.pdf, id=198, 4
69.755pt x 325.215pt>
File: reporte-elsoc_files/figure-latex/graf-cambios-idpolitica-edad-1.pdf Graph
ic file (type pdf)
<use reporte-elsoc_files/figure-latex/graf-cambios-idpolitica-edad-1.pdf>
Package pdftex.def Info: reporte-elsoc_files/figure-latex/graf-cambios-idpoliti
ca-edad-1.pdf  used on input line 494.
(pdftex.def)             Requested size: 415.12747pt x 287.39594pt.
<reporte-elsoc_files/figure-latex/graf-interespolitica-ola-1.pdf, id=199, 469.7
55pt x 325.215pt>
File: reporte-elsoc_files/figure-latex/graf-interespolitica-ola-1.pdf Graphic f
ile (type pdf)
<use reporte-elsoc_files/figure-latex/graf-interespolitica-ola-1.pdf>
Package pdftex.def Info: reporte-elsoc_files/figure-latex/graf-interespolitica-
ola-1.pdf  used on input line 506.
(pdftex.def)             Requested size: 415.12747pt x 287.39594pt.
<reporte-elsoc_files/figure-latex/graf-participciudadana-ola-1.pdf, id=200, 469
.755pt x 325.215pt>
File: reporte-elsoc_files/figure-latex/graf-participciudadana-ola-1.pdf Graphic
 file (type pdf)
<use reporte-elsoc_files/figure-latex/graf-participciudadana-ola-1.pdf>
Package pdftex.def Info: reporte-elsoc_files/figure-latex/graf-participciudadan
a-ola-1.pdf  used on input line 515.
(pdftex.def)             Requested size: 415.12747pt x 287.39594pt.
<reporte-elsoc_files/figure-latex/graf-idpolitica-interespolitica-1.pdf, id=201
, 469.755pt x 325.215pt>
File: reporte-elsoc_files/figure-latex/graf-idpolitica-interespolitica-1.pdf Gr
aphic file (type pdf)
<use reporte-elsoc_files/figure-latex/graf-idpolitica-interespolitica-1.pdf>
Package pdftex.def Info: reporte-elsoc_files/figure-latex/graf-idpolitica-inter
espolitica-1.pdf  used on input line 524.
(pdftex.def)             Requested size: 415.12747pt x 287.39594pt.
<reporte-elsoc_files/figure-latex/graf-temaspublicos-idpolitica-1.pdf, id=202, 
469.755pt x 325.215pt>
File: reporte-elsoc_files/figure-latex/graf-temaspublicos-idpolitica-1.pdf Grap
hic file (type pdf)
<use reporte-elsoc_files/figure-latex/graf-temaspublicos-idpolitica-1.pdf>
Package pdftex.def Info: reporte-elsoc_files/figure-latex/graf-temaspublicos-id
politica-1.pdf  used on input line 536.
(pdftex.def)             Requested size: 415.12747pt x 287.39594pt.
<reporte-elsoc_files/figure-latex/graf-movsocial-1.pdf, id=203, 469.755pt x 325
.215pt>
File: reporte-elsoc_files/figure-latex/graf-movsocial-1.pdf Graphic file (type 
pdf)
<use reporte-elsoc_files/figure-latex/graf-movsocial-1.pdf>
Package pdftex.def Info: reporte-elsoc_files/figure-latex/graf-movsocial-1.pdf 
 used on input line 551.
(pdftex.def)             Requested size: 415.12747pt x 287.39594pt.
[24pdfTeX warning (ext4): destination with the same identifier (name{figure.2.5
}) has been already used, duplicate ignored
<argument> ...shipout:D \box_use:N \l_shipout_box 
                                                  \__shipout_drop_firstpage_...
l.565   M
         ovimiento social de apoyo a la causa estudiantil <./reporte-elsoc_file
s/figure-latex/graf-cambios-idpol-idpol-1.pdf>] [25pdfTeX warning (ext4): desti
nation with the same identifier (name{figure.2.6}) has been already used, dupli
cate ignored
<argument> ...shipout:D \box_use:N \l_shipout_box 
                                                  \__shipout_drop_firstpage_...
l.565   M
         ovimiento social de apoyo a la causa estudiantilpdfTeX warning (ext4):
 destination with the same identifier (name{figure.2.7}) has been already used,
 duplicate ignored
<argument> ...shipout:D \box_use:N \l_shipout_box 
                                                  \__shipout_drop_firstpage_...
l.565   M
         ovimiento social de apoyo a la causa estudiantil <./reporte-elsoc_file
s/figure-latex/graf-cambios-idpolitica-edad-1.pdf> <./reporte-elsoc_files/figur
e-latex/graf-interespolitica-ola-1.pdf>] [26pdfTeX warning (ext4): destination 
with the same identifier (name{figure.2.8}) has been already used, duplicate ig
nored
<argument> ...shipout:D \box_use:N \l_shipout_box 
                                                  \__shipout_drop_firstpage_...
l.565   M
         ovimiento social de apoyo a la causa estudiantilpdfTeX warning (ext4):
 destination with the same identifier (name{figure.2.9}) has been already used,
 duplicate ignored
<argument> ...shipout:D \box_use:N \l_shipout_box 
                                                  \__shipout_drop_firstpage_...
l.565   M
         ovimiento social de apoyo a la causa estudiantil <./reporte-elsoc_file
s/figure-latex/graf-participciudadana-ola-1.pdf> <./reporte-elsoc_files/figure-
latex/graf-idpolitica-interespolitica-1.pdf>] [27pdfTeX warning (ext4): destina
tion with the same identifier (name{figure.2.10}) has been already used, duplic
ate ignored
<argument> ...shipout:D \box_use:N \l_shipout_box 
                                                  \__shipout_drop_firstpage_...
l.565   M
         ovimiento social de apoyo a la causa estudiantil <./reporte-elsoc_file
s/figure-latex/graf-temaspublicos-idpolitica-1.pdf>]
<reporte-elsoc_files/figure-latex/graf-movsociales-movsocial-olas-1.pdf, id=271
, 469.755pt x 325.215pt>
File: reporte-elsoc_files/figure-latex/graf-movsociales-movsocial-olas-1.pdf Gr
aphic file (type pdf)
<use reporte-elsoc_files/figure-latex/graf-movsociales-movsocial-olas-1.pdf>
Package pdftex.def Info: reporte-elsoc_files/figure-latex/graf-movsociales-movs
ocial-olas-1.pdf  used on input line 594.
(pdftex.def)             Requested size: 415.12747pt x 287.39594pt.
<reporte-elsoc_files/figure-latex/graf-particip_movsocial-olas-1.pdf, id=272, 4
69.755pt x 325.215pt>
File: reporte-elsoc_files/figure-latex/graf-particip_movsocial-olas-1.pdf Graph
ic file (type pdf)
<use reporte-elsoc_files/figure-latex/graf-particip_movsocial-olas-1.pdf>
Package pdftex.def Info: reporte-elsoc_files/figure-latex/graf-particip_movsoci
al-olas-1.pdf  used on input line 603.
(pdftex.def)             Requested size: 415.12747pt x 287.39594pt.

Overfull \hbox (6.00175pt too wide) in paragraph at lines 603--604
 []\T1/lmr/m/n/12 {[] 
 []

[28pdfTeX warning (ext4): destination with the same identifier (name{figure.2.1
1}) has been already used, duplicate ignored
<argument> ...shipout:D \box_use:N \l_shipout_box 
                                                  \__shipout_drop_firstpage_...
l.605 \}
         <./reporte-elsoc_files/figure-latex/graf-movsocial-1.pdf>]

! LaTeX Error: \caption outside float.

See the LaTeX manual or LaTeX Companion for explanation.
Type  H <return>  for immediate help.
 ...                                              
                                                  
l.607 \caption
              {Participación en movimientos sociales valorados, según ola} 
Here is how much of TeX's memory you used:
 13566 strings out of 480313
 223058 string characters out of 5895779
 532716 words of memory out of 5000000
 31077 multiletter control sequences out of 15000+600000
 458583 words of font info for 71 fonts, out of 8000000 for 9000
 14 hyphenation exceptions out of 8191
 60i,9n,63p,789b,400s stack positions out of 5000i,500n,10000p,200000b,80000s

!  ==> Fatal error occurred, no output PDF file produced!
