\BOOKMARK [0][-]{chapter*.4}{\376\377\000I\000n\000t\000r\000o\000d\000u\000c\000c\000i\000\363\000n}{}% 1
\BOOKMARK [1][-]{section*.5}{\376\377\000A\000u\000t\000o\000r\000e\000s}{chapter*.4}% 2
\BOOKMARK [0][-]{chapter.1}{\376\377\000P\000r\000e\000s\000e\000n\000t\000a\000c\000i\000\363\000n\000\040\000d\000e\000l\000\040\000e\000s\000t\000u\000d\000i\000o}{}% 3
\BOOKMARK [1][-]{section.1.1}{\376\377\000S\000o\000b\000r\000e\000\040\000C\000O\000E\000S}{chapter.1}% 4
\BOOKMARK [1][-]{section.1.2}{\376\377\000S\000o\000b\000r\000e\000\040\000E\000L\000S\000O\000C}{chapter.1}% 5
\BOOKMARK [1][-]{section.1.3}{\376\377\000A\000t\000r\000i\000c\000i\000\363\000n\000\040\000d\000e\000\040\000l\000a\000\040\000m\000u\000e\000s\000t\000r\000a}{chapter.1}% 6
\BOOKMARK [1][-]{section.1.4}{\376\377\000F\000o\000c\000o\000\040\000e\000n\000\040\000e\000l\000\040\000c\000a\000m\000b\000i\000o\000\040\000l\000o\000n\000g\000i\000t\000u\000d\000i\000n\000a\000l}{chapter.1}% 7
\BOOKMARK [1][-]{section.1.5}{\376\377\000E\000L\000S\000O\000C\000\040\000e\000n\000\040\000p\000a\000n\000d\000e\000m\000i\000a}{chapter.1}% 8
\BOOKMARK [0][-]{chapter.2}{\376\377\000P\000o\000l\000\355\000t\000i\000c\000a\000\040\000y\000\040\000c\000i\000u\000d\000a\000d\000a\000n\000\355\000a}{}% 9
\BOOKMARK [1][-]{section.2.1}{\376\377\000I\000d\000e\000n\000t\000i\000f\000i\000c\000a\000c\000i\000\363\000n\000\040\000p\000o\000l\000\355\000t\000i\000c\000a}{chapter.2}% 10
\BOOKMARK [1][-]{section.2.2}{\376\377\000I\000n\000t\000e\000r\000\351\000s\000\040\000e\000n\000\040\000l\000a\000\040\000p\000o\000l\000\355\000t\000i\000c\000a\000\040\000y\000\040\000o\000p\000i\000n\000i\000\363\000n\000\040\000p\000\372\000b\000l\000i\000c\000a}{chapter.2}% 11
\BOOKMARK [1][-]{section.2.3}{\376\377\000A\000n\000\341\000l\000i\000s\000i\000s\000\040\000d\000e\000\040\000C\000l\000a\000s\000e\000s\000\040\000L\000a\000t\000e\000n\000t\000e\000s\000:\000\040\000P\000a\000r\000t\000i\000c\000i\000p\000a\000c\000i\000\363\000n\000\040\000p\000o\000l\000\355\000t\000i\000c\000a}{chapter.2}% 12
\BOOKMARK [1][-]{section.2.4}{\376\377\000C\000i\000c\000l\000o\000\040\000d\000e\000\040\000m\000o\000v\000i\000l\000i\000z\000a\000c\000i\000\363\000n\000\040\000p\000o\000l\000\355\000t\000i\000c\000a\000\040\000y\000\040\000e\000s\000t\000a\000l\000l\000i\000d\000o\000\040\000s\000o\000c\000i\000a\000l}{chapter.2}% 13
\BOOKMARK [1][-]{section.2.5}{\376\377\000J\000u\000s\000t\000i\000f\000i\000c\000a\000c\000i\000\363\000n\000\040\000d\000e\000\040\000l\000a\000\040\000V\000i\000o\000l\000e\000n\000c\000i\000a}{chapter.2}% 14
\BOOKMARK [1][-]{section.2.6}{\376\377\000C\000o\000n\000f\000i\000a\000n\000z\000a\000\040\000i\000n\000t\000e\000r\000p\000e\000r\000s\000o\000n\000a\000l\000\040\000y\000\040\000e\000n\000\040\000i\000n\000s\000t\000i\000t\000u\000c\000i\000o\000n\000e\000s}{chapter.2}% 15
\BOOKMARK [1][-]{section.2.7}{\376\377\000P\000a\000r\000t\000i\000c\000i\000p\000a\000c\000i\000\363\000n\000\040\000e\000l\000e\000c\000t\000o\000r\000a\000l}{chapter.2}% 16
\BOOKMARK [1][-]{section.2.8}{\376\377\000P\000r\000o\000c\000e\000s\000o\000\040\000C\000o\000n\000s\000t\000i\000t\000u\000y\000e\000n\000t\000e}{chapter.2}% 17
\BOOKMARK [0][-]{chapter.3}{\376\377\000S\000a\000l\000u\000d\000\040\000m\000e\000n\000t\000a\000l\000\040\000y\000\040\000b\000i\000e\000n\000e\000s\000t\000a\000r}{}% 18
\BOOKMARK [1][-]{section.3.1}{\376\377\000S\000a\000l\000u\000d\000\040\000m\000e\000n\000t\000a\000l\000\040\000y\000\040\000b\000i\000e\000n\000e\000s\000t\000a\000r}{chapter.3}% 19
\BOOKMARK [1][-]{section.3.2}{\376\377\000E\000c\000o\000n\000o\000m\000\355\000a\000\040\000y\000\040\000b\000i\000e\000n\000e\000s\000t\000a\000r}{chapter.3}% 20
\BOOKMARK [1][-]{section.3.3}{\376\377\000C\000O\000V\000I\000D\000\040\000-\000\040\0001\0009}{chapter.3}% 21
\BOOKMARK [0][-]{chapter.4}{\376\377\000C\000o\000h\000e\000s\000i\000\363\000n\000\040\000s\000o\000c\000i\000a\000l}{}% 22
\BOOKMARK [1][-]{section.4.1}{\376\377\000C\000o\000n\000f\000l\000i\000c\000t\000o\000\040\000y\000\040\000c\000o\000h\000e\000s\000i\000\363\000n\000\040\000t\000e\000r\000r\000i\000t\000o\000r\000i\000a\000l}{chapter.4}% 23
\BOOKMARK [1][-]{section.4.2}{\376\377\000M\000i\000g\000r\000a\000c\000i\000\363\000n}{chapter.4}% 24
\BOOKMARK [1][-]{section.4.3}{\376\377\000S\000e\000x\000i\000s\000m\000o\000\040\000h\000o\000s\000t\000i\000l\000\040\000y\000\040\000b\000e\000n\000e\000v\000o\000l\000e\000n\000t\000e}{chapter.4}% 25
\BOOKMARK [1][-]{section.4.4}{\376\377\000E\000s\000t\000a\000t\000u\000s\000\040\000s\000u\000b\000j\000e\000t\000i\000v\000o\000\040\000y\000\040\000P\000e\000r\000c\000e\000p\000c\000i\000\363\000n\000\040\000d\000e\000\040\000M\000\351\000r\000i\000t\000o}{chapter.4}% 26
\BOOKMARK [0][-]{chapter.5}{\376\377\000R\000e\000f\000e\000r\000e\000n\000c\000i\000a\000s}{}% 27
\BOOKMARK [0][-]{chapter*.153}{\376\377\000C\000o\000m\000o\000\040\000c\000i\000t\000a\000r\000\040\000e\000s\000t\000e\000\040\000i\000n\000f\000o\000r\000m\000e}{}% 28
